Fri, 27 Jul 2018 19:03:13 log.py[line:146] INFO Scrapy 1.5.1 started (bot: jobbole)
Fri, 27 Jul 2018 19:03:13 log.py[line:149] INFO Versions: lxml 4.2.3.0, libxml2 2.9.8, cssselect 1.0.3, parsel 1.5.0, w3lib 1.19.0, Twisted 18.7.0, Python 3.6.5 (default, May  3 2018, 10:08:28) - [GCC 5.4.0 20160609], pyOpenSSL 18.0.0 (OpenSSL 1.1.0h  27 Mar 2018), cryptography 2.2.2, Platform Linux-4.4.0-130-generic-x86_64-with-Ubuntu-16.04-xenial
Fri, 27 Jul 2018 19:03:13 crawler.py[line:38] INFO Overridden settings: {'BOT_NAME': 'jobbole', 'DOWNLOAD_DELAY': 3, 'LOG_LEVEL': 'WARNING', 'NEWSPIDER_MODULE': 'jobbole.spiders', 'SPIDER_MODULES': ['jobbole.spiders'], 'USER_AGENT': 'Mozilla/5.0 (Windows NT 6.1; Win64; x64) AppleWebKit/537.36 (KHTML, like Gecko) Chrome/67.0.3396.87 Safari/537.36'}
Fri, 27 Jul 2018 19:03:13 middleware.py[line:53] INFO Enabled extensions:
['scrapy.extensions.corestats.CoreStats',
 'scrapy.extensions.telnet.TelnetConsole',
 'scrapy.extensions.memusage.MemoryUsage',
 'scrapy.extensions.logstats.LogStats']
Fri, 27 Jul 2018 19:03:13 middleware.py[line:53] INFO Enabled downloader middlewares:
['scrapy.downloadermiddlewares.httpauth.HttpAuthMiddleware',
 'scrapy.downloadermiddlewares.downloadtimeout.DownloadTimeoutMiddleware',
 'scrapy.downloadermiddlewares.defaultheaders.DefaultHeadersMiddleware',
 'scrapy.downloadermiddlewares.useragent.UserAgentMiddleware',
 'scrapy.downloadermiddlewares.retry.RetryMiddleware',
 'scrapy.downloadermiddlewares.redirect.MetaRefreshMiddleware',
 'scrapy.downloadermiddlewares.httpcompression.HttpCompressionMiddleware',
 'scrapy.downloadermiddlewares.redirect.RedirectMiddleware',
 'scrapy.downloadermiddlewares.cookies.CookiesMiddleware',
 'scrapy.downloadermiddlewares.httpproxy.HttpProxyMiddleware',
 'scrapy.downloadermiddlewares.stats.DownloaderStats']
Fri, 27 Jul 2018 19:03:13 middleware.py[line:53] INFO Enabled spider middlewares:
['scrapy.spidermiddlewares.httperror.HttpErrorMiddleware',
 'scrapy.spidermiddlewares.offsite.OffsiteMiddleware',
 'scrapy.spidermiddlewares.referer.RefererMiddleware',
 'scrapy.spidermiddlewares.urllength.UrlLengthMiddleware',
 'scrapy.spidermiddlewares.depth.DepthMiddleware']
Fri, 27 Jul 2018 19:03:13 middleware.py[line:53] INFO Enabled item pipelines:
[]
Fri, 27 Jul 2018 19:03:13 engine.py[line:256] INFO Spider opened
Fri, 27 Jul 2018 19:03:13 logstats.py[line:48] INFO Crawled 0 pages (at 0 pages/min), scraped 0 items (at 0 items/min)
Fri, 27 Jul 2018 19:03:13 telnet.py[line:60] DEBUG Telnet console listening on 127.0.0.1:6023
Fri, 27 Jul 2018 19:03:14 engine.py[line:238] DEBUG Crawled (200) <GET http://blog.jobbole.com/all-posts/> (referer: None)
Fri, 27 Jul 2018 19:03:17 engine.py[line:238] DEBUG Crawled (200) <GET http://blog.jobbole.com/114236/> (referer: http://blog.jobbole.com/all-posts/)
Fri, 27 Jul 2018 19:03:17 scraper.py[line:158] ERROR Spider error processing <GET http://blog.jobbole.com/114236/> (referer: http://blog.jobbole.com/all-posts/)
Traceback (most recent call last):
  File "/home/python/.virtualenvs/scrapy_examples/lib/python3.6/site-packages/parsel/selector.py", line 238, in xpath
    **kwargs)
  File "src/lxml/etree.pyx", line 1577, in lxml.etree._Element.xpath
  File "src/lxml/xpath.pxi", line 307, in lxml.etree.XPathElementEvaluator.__call__
  File "src/lxml/xpath.pxi", line 227, in lxml.etree._XPathEvaluatorBase._handle_result
lxml.etree.XPathEvalError: Invalid expression

During handling of the above exception, another exception occurred:

Traceback (most recent call last):
  File "/home/python/.virtualenvs/scrapy_examples/lib/python3.6/site-packages/scrapy/utils/defer.py", line 102, in iter_errback
    yield next(it)
  File "/home/python/.virtualenvs/scrapy_examples/lib/python3.6/site-packages/scrapy/spidermiddlewares/offsite.py", line 30, in process_spider_output
    for x in result:
  File "/home/python/.virtualenvs/scrapy_examples/lib/python3.6/site-packages/scrapy/spidermiddlewares/referer.py", line 339, in <genexpr>
    return (_set_referer(r) for r in result or ())
  File "/home/python/.virtualenvs/scrapy_examples/lib/python3.6/site-packages/scrapy/spidermiddlewares/urllength.py", line 37, in <genexpr>
    return (r for r in result or () if _filter(r))
  File "/home/python/.virtualenvs/scrapy_examples/lib/python3.6/site-packages/scrapy/spidermiddlewares/depth.py", line 58, in <genexpr>
    return (r for r in result or () if _filter(r))
  File "/home/python/Desktop/Projects/scrapy_examples/jobbole/jobbole/spiders/blog.py", line 67, in get_detail_use_item_loader
    item_loader.add_xpath("tags", "//p[@class='entry-meta-hide-on-mobile']/a/text()']") # 内容
  File "/home/python/.virtualenvs/scrapy_examples/lib/python3.6/site-packages/scrapy/loader/__init__.py", line 166, in add_xpath
    values = self._get_xpathvalues(xpath, **kw)
  File "/home/python/.virtualenvs/scrapy_examples/lib/python3.6/site-packages/scrapy/loader/__init__.py", line 184, in _get_xpathvalues
    return flatten(self.selector.xpath(xpath).extract() for xpath in xpaths)
  File "/home/python/.virtualenvs/scrapy_examples/lib/python3.6/site-packages/scrapy/utils/python.py", line 34, in flatten
    return list(iflatten(x))
  File "/home/python/.virtualenvs/scrapy_examples/lib/python3.6/site-packages/scrapy/utils/python.py", line 41, in iflatten
    for el in x:
  File "/home/python/.virtualenvs/scrapy_examples/lib/python3.6/site-packages/scrapy/loader/__init__.py", line 184, in <genexpr>
    return flatten(self.selector.xpath(xpath).extract() for xpath in xpaths)
  File "/home/python/.virtualenvs/scrapy_examples/lib/python3.6/site-packages/parsel/selector.py", line 242, in xpath
    six.reraise(ValueError, ValueError(msg), sys.exc_info()[2])
  File "/home/python/.virtualenvs/scrapy_examples/lib/python3.6/site-packages/six.py", line 692, in reraise
    raise value.with_traceback(tb)
  File "/home/python/.virtualenvs/scrapy_examples/lib/python3.6/site-packages/parsel/selector.py", line 238, in xpath
    **kwargs)
  File "src/lxml/etree.pyx", line 1577, in lxml.etree._Element.xpath
  File "src/lxml/xpath.pxi", line 307, in lxml.etree.XPathElementEvaluator.__call__
  File "src/lxml/xpath.pxi", line 227, in lxml.etree._XPathEvaluatorBase._handle_result
ValueError: XPath error: Invalid expression in //p[@class='entry-meta-hide-on-mobile']/a/text()']
Fri, 27 Jul 2018 19:03:17 engine.py[line:295] INFO Closing spider (finished)
Fri, 27 Jul 2018 19:03:17 statscollectors.py[line:47] INFO Dumping Scrapy stats:
{'downloader/request_bytes': 650,
 'downloader/request_count': 2,
 'downloader/request_method_count/GET': 2,
 'downloader/response_bytes': 38456,
 'downloader/response_count': 2,
 'downloader/response_status_count/200': 2,
 'finish_reason': 'finished',
 'finish_time': datetime.datetime(2018, 7, 27, 11, 3, 17, 904232),
 'log_count/ERROR': 1,
 'memusage/max': 1167945728,
 'memusage/startup': 1167945728,
 'request_depth_max': 1,
 'response_received_count': 2,
 'scheduler/dequeued': 2,
 'scheduler/dequeued/memory': 2,
 'scheduler/enqueued': 2,
 'scheduler/enqueued/memory': 2,
 'spider_exceptions/ValueError': 1,
 'start_time': datetime.datetime(2018, 7, 27, 11, 3, 13, 880183)}
Fri, 27 Jul 2018 19:03:17 engine.py[line:326] INFO Spider closed (finished)
